<?xml version="1.0" encoding="UTF-8"?>
<!-- Generated by org.testng.reporters.JUnitReportReporter -->
<testsuite skipped="0" hostname="Mustafiz" name="APITesting.com.org.api.WeatherGetRequest" tests="1" failures="0" timestamp="09 Apr 2017 03:43:36 GMT" time="2.211" errors="0">
  <testcase name="test_09" time="2.211" classname="APITesting.com.org.api.WeatherGetRequest"/>
</testsuite> <!-- APITesting.com.org.api.WeatherGetRequest -->
